#
# There is insufficient memory for the Java Runtime Environment to continue.
# Native memory allocation (malloc) failed to allocate 1063216 bytes for Chunk::new
# Possible reasons:
#   The system is out of physical RAM or swap space
#   In 32 bit mode, the process size limit was hit
# Possible solutions:
#   Reduce memory load on the system
#   Increase physical memory or swap space
#   Check if swap backing store is full
#   Use 64 bit Java on a 64 bit OS
#   Decrease Java heap size (-Xmx/-Xms)
#   Decrease number of Java threads
#   Decrease Java thread stack sizes (-Xss)
#   Set larger code cache with -XX:ReservedCodeCacheSize=
# This output file may be truncated or incomplete.
#
#  Out of Memory Error (allocation.cpp:390), pid=38520, tid=0x0000000000004d64
#
# JRE version: Java(TM) SE Runtime Environment (8.0_121-b13) (build 1.8.0_121-b13)
# Java VM: Java HotSpot(TM) 64-Bit Server VM (25.121-b13 mixed mode windows-amd64 compressed oops)
# Failed to write core dump. Minidumps are not enabled by default on client versions of Windows
#

---------------  T H R E A D  ---------------

Current thread (0x0000000017cd5800):  JavaThread "C2 CompilerThread1" daemon [_thread_in_native, id=19812, stack(0x0000000019430000,0x0000000019530000)]

Stack: [0x0000000019430000,0x0000000019530000]
[error occurred during error reporting (printing stack bounds), id 0xc0000005]

Native frames: (J=compiled Java code, j=interpreted, Vv=VM code, C=native code)


Current CompileTask:
C2:   2163 1120   !   4       java.net.URL::<init> (543 bytes)


---------------  P R O C E S S  ---------------

Java Threads: ( => current thread )
  0x000000001976c800 JavaThread "Abandoned connection cleanup thread" daemon [_thread_blocked, id=20704, stack(0x0000000019c30000,0x0000000019d30000)]
  0x0000000019658800 JavaThread "Service Thread" daemon [_thread_blocked, id=37832, stack(0x0000000019a30000,0x0000000019b30000)]
  0x0000000017cf3000 JavaThread "C1 CompilerThread2" daemon [_thread_in_vm, id=36908, stack(0x0000000019530000,0x0000000019630000)]
=>0x0000000017cd5800 JavaThread "C2 CompilerThread1" daemon [_thread_in_native, id=19812, stack(0x0000000019430000,0x0000000019530000)]
  0x0000000017ccf800 JavaThread "C2 CompilerThread0" daemon [_thread_in_native, id=21260, stack(0x0000000019330000,0x0000000019430000)]
  0x0000000017ccd800 JavaThread "Attach Listener" daemon [_thread_blocked, id=22292, stack(0x0000000019230000,0x0000000019330000)]
  0x0000000017ccc000 JavaThread "Signal Dispatcher" daemon [_thread_blocked, id=35680, stack(0x0000000019130000,0x0000000019230000)]
  0x0000000017cba800 JavaThread "Finalizer" daemon [_thread_blocked, id=20636, stack(0x0000000018f40000,0x0000000019040000)]
  0x0000000002fd0000 JavaThread "Reference Handler" daemon [_thread_blocked, id=29356, stack(0x0000000018e40000,0x0000000018f40000)]
  0x00000000030ad800 JavaThread "main" [_thread_in_Java, id=24260, stack(0x0000000002d50000,0x0000000002e50000)]

Other Threads:
  0x0000000017c97800 VMThread [stack: 0x0000000018d40000,0x0000000018e40000] [id=6516]
  0x000000001965a800 WatcherThread [stack: 0x0000000019b30000,0x0000000019c30000] [id=35344]

VM state:not at safepoint (normal execution)

VM Mutex/Monitor currently owned by a thread: None

Heap:
 PSYoungGen      total 38400K, used 8584K [0x00000000d5580000, 0x00000000da080000, 0x0000000100000000)
  eden space 33280K, 10% used [0x00000000d5580000,0x00000000d58e4d10,0x00000000d7600000)
  from space 5120K, 99% used [0x00000000d7b00000,0x00000000d7ffd470,0x00000000d8000000)
  to   space 5120K, 0% used [0x00000000d7600000,0x00000000d7600000,0x00000000d7b00000)
 ParOldGen       total 87552K, used 6412K [0x0000000080000000, 0x0000000085580000, 0x00000000d5580000)
  object space 87552K, 7% used [0x0000000080000000,0x00000000806432a0,0x0000000085580000)
 Metaspace       used 16205K, capacity 16328K, committed 16640K, reserved 1064960K
  class space    used 1891K, capacity 1940K, committed 2048K, reserved 1048576K

Card table byte_map: [0x0000000012470000,0x0000000012880000] byte_map_base: 0x0000000012070000

Marking Bits: (ParMarkBitMap*) 0x00000000743fb6d0
 Begin Bits: [0x0000000012f30000, 0x0000000014f30000)
 End Bits:   [0x0000000014f30000, 0x0000000016f30000)

Polling page: 0x0000000001190000

CodeCache: size=245760Kb used=5238Kb max_used=5249Kb free=240521Kb
 bounds [0x00000000030b0000, 0x00000000035e0000, 0x00000000120b0000]
 total_blobs=1732 nmethods=1333 adapters=312
 compilation: enabled

Compilation events (10 events):
Event: 2.141 Thread 0x0000000017cf3000 1319       3       sun.reflect.generics.tree.ClassTypeSignature::accept (8 bytes)
Event: 2.141 Thread 0x0000000017cf3000 nmethod 1319 0x00000000035c5f90 code [0x00000000035c6100, 0x00000000035c62c8]
Event: 2.141 Thread 0x0000000017cf3000 1320       3       sun.reflect.generics.visitor.Reifier::visitClassTypeSignature (381 bytes)
Event: 2.143 Thread 0x0000000017cf3000 nmethod 1320 0x00000000035c8050 code [0x00000000035c8460, 0x00000000035ca5a8]
Event: 2.143 Thread 0x0000000017cf3000 1316   !   3       com.sun.proxy.$Proxy0::annotationType (29 bytes)
Event: 2.143 Thread 0x0000000017cf3000 nmethod 1316 0x00000000035c5810 code [0x00000000035c59a0, 0x00000000035c5dd8]
Event: 2.144 Thread 0x0000000017cf3000 1321       3       java.util.logging.Logger::isLoggable (25 bytes)
Event: 2.144 Thread 0x0000000017cf3000 nmethod 1321 0x00000000035c5350 code [0x00000000035c54c0, 0x00000000035c5750]
Event: 2.144 Thread 0x0000000017ccf800 1322       4       java.net.URLStreamHandler::setURL (40 bytes)
Event: 2.147 Thread 0x0000000017ccf800 nmethod 1322 0x00000000035c4d50 code [0x00000000035c4ea0, 0x00000000035c51b8]

GC Heap History (4 events):
Event: 1.534 GC heap before
{Heap before GC invocations=1 (full 0):
 PSYoungGen      total 38400K, used 33280K [0x00000000d5580000, 0x00000000d8000000, 0x0000000100000000)
  eden space 33280K, 100% used [0x00000000d5580000,0x00000000d7600000,0x00000000d7600000)
  from space 5120K, 0% used [0x00000000d7b00000,0x00000000d7b00000,0x00000000d8000000)
  to   space 5120K, 0% used [0x00000000d7600000,0x00000000d7600000,0x00000000d7b00000)
 ParOldGen       total 87552K, used 0K [0x0000000080000000, 0x0000000085580000, 0x00000000d5580000)
  object space 87552K, 0% used [0x0000000080000000,0x0000000080000000,0x0000000085580000)
 Metaspace       used 12044K, capacity 12118K, committed 12160K, reserved 1060864K
  class space    used 1361K, capacity 1393K, committed 1408K, reserved 1048576K
Event: 1.547 GC heap after
Heap after GC invocations=1 (full 0):
 PSYoungGen      total 38400K, used 5097K [0x00000000d5580000, 0x00000000d8000000, 0x0000000100000000)
  eden space 33280K, 0% used [0x00000000d5580000,0x00000000d5580000,0x00000000d7600000)
  from space 5120K, 99% used [0x00000000d7600000,0x00000000d7afa6f8,0x00000000d7b00000)
  to   space 5120K, 0% used [0x00000000d7b00000,0x00000000d7b00000,0x00000000d8000000)
 ParOldGen       total 87552K, used 2803K [0x0000000080000000, 0x0000000085580000, 0x00000000d5580000)
  object space 87552K, 3% used [0x0000000080000000,0x00000000802bcdc8,0x0000000085580000)
 Metaspace       used 12044K, capacity 12118K, committed 12160K, reserved 1060864K
  class space    used 1361K, capacity 1393K, committed 1408K, reserved 1048576K
}
Event: 2.102 GC heap before
{Heap before GC invocations=2 (full 0):
 PSYoungGen      total 38400K, used 38377K [0x00000000d5580000, 0x00000000d8000000, 0x0000000100000000)
  eden space 33280K, 100% used [0x00000000d5580000,0x00000000d7600000,0x00000000d7600000)
  from space 5120K, 99% used [0x00000000d7600000,0x00000000d7afa6f8,0x00000000d7b00000)
  to   space 5120K, 0% used [0x00000000d7b00000,0x00000000d7b00000,0x00000000d8000000)
 ParOldGen       total 87552K, used 2803K [0x0000000080000000, 0x0000000085580000, 0x00000000d5580000)
  object space 87552K, 3% used [0x0000000080000000,0x00000000802bcdc8,0x0000000085580000)
 Metaspace       used 15891K, capacity 16028K, committed 16256K, reserved 1062912K
  class space    used 1856K, capacity 1906K, committed 1920K, reserved 1048576K
Event: 2.117 GC heap after
Heap after GC invocations=2 (full 0):
 PSYoungGen      total 38400K, used 5109K [0x00000000d5580000, 0x00000000da080000, 0x0000000100000000)
  eden space 33280K, 0% used [0x00000000d5580000,0x00000000d5580000,0x00000000d7600000)
  from space 5120K, 99% used [0x00000000d7b00000,0x00000000d7ffd470,0x00000000d8000000)
  to   space 5120K, 0% used [0x00000000d7600000,0x00000000d7600000,0x00000000d7b00000)
 ParOldGen       total 87552K, used 6412K [0x0000000080000000, 0x0000000085580000, 0x00000000d5580000)
  object space 87552K, 7% used [0x0000000080000000,0x00000000806432a0,0x0000000085580000)
 Metaspace       used 15891K, capacity 16028K, committed 16256K, reserved 1062912K
  class space    used 1856K, capacity 1906K, committed 1920K, reserved 1048576K
}

Deoptimization events (10 events):
Event: 1.931 Thread 0x00000000030ad800 Uncommon trap: reason=bimorphic action=maybe_recompile pc=0x00000000033fd7b0 method=java.util.HashMap.putVal(ILjava/lang/Object;Ljava/lang/Object;ZZ)Ljava/lang/Object; @ 91
Event: 1.932 Thread 0x00000000030ad800 Uncommon trap: reason=class_check action=maybe_recompile pc=0x00000000033fd7f4 method=java.util.HashMap.putVal(ILjava/lang/Object;Ljava/lang/Object;ZZ)Ljava/lang/Object; @ 203
Event: 2.053 Thread 0x00000000030ad800 Uncommon trap: reason=class_check action=maybe_recompile pc=0x00000000033fd7f4 method=java.util.HashMap.putVal(ILjava/lang/Object;Ljava/lang/Object;ZZ)Ljava/lang/Object; @ 203
Event: 2.097 Thread 0x00000000030ad800 Uncommon trap: reason=class_check action=maybe_recompile pc=0x00000000033c774c method=java.util.regex.Pattern$CharProperty.match(Ljava/util/regex/Matcher;ILjava/lang/CharSequence;)Z @ 18
Event: 2.097 Thread 0x00000000030ad800 Uncommon trap: reason=class_check action=maybe_recompile pc=0x00000000033c774c method=java.util.regex.Pattern$CharProperty.match(Ljava/util/regex/Matcher;ILjava/lang/CharSequence;)Z @ 18
Event: 2.097 Thread 0x00000000030ad800 Uncommon trap: reason=class_check action=maybe_recompile pc=0x00000000033c774c method=java.util.regex.Pattern$CharProperty.match(Ljava/util/regex/Matcher;ILjava/lang/CharSequence;)Z @ 18
Event: 2.097 Thread 0x00000000030ad800 Uncommon trap: reason=class_check action=maybe_recompile pc=0x00000000033c774c method=java.util.regex.Pattern$CharProperty.match(Ljava/util/regex/Matcher;ILjava/lang/CharSequence;)Z @ 18
Event: 2.120 Thread 0x00000000030ad800 Uncommon trap: reason=unstable_if action=reinterpret pc=0x00000000035704bc method=java.lang.reflect.Method.equals(Ljava/lang/Object;)Z @ 49
Event: 2.125 Thread 0x00000000030ad800 Uncommon trap: reason=bimorphic action=maybe_recompile pc=0x00000000033fd7b0 method=java.util.HashMap.putVal(ILjava/lang/Object;Ljava/lang/Object;ZZ)Ljava/lang/Object; @ 91
Event: 2.133 Thread 0x00000000030ad800 Uncommon trap: reason=unstable_if action=reinterpret pc=0x00000000034f7970 method=org.springframework.asm.ClassReader.readCode(Lorg/springframework/asm/MethodVisitor;Lorg/springframework/asm/Context;I)V @ 830

Internal exceptions (10 events):
Event: 2.093 Thread 0x00000000030ad800 Exception <a 'java/lang/ClassNotFoundException': org/springframework/jdbc/datasource/DriverManagerDataSourceBeanInfo> (0x00000000d75913e8) thrown at [C:\re\workspace\8-2-build-windows-amd64-cygwin\jdk8u121\8372\hotspot\src\share\vm\classfile\systemDiction
Event: 2.094 Thread 0x00000000030ad800 Exception <a 'java/lang/ClassNotFoundException': org/springframework/jdbc/datasource/AbstractDriverBasedDataSourceBeanInfo> (0x00000000d7598110) thrown at [C:\re\workspace\8-2-build-windows-amd64-cygwin\jdk8u121\8372\hotspot\src\share\vm\classfile\systemD
Event: 2.094 Thread 0x00000000030ad800 Exception <a 'java/lang/ClassNotFoundException': org/springframework/jdbc/datasource/AbstractDataSourceBeanInfo> (0x00000000d759e510) thrown at [C:\re\workspace\8-2-build-windows-amd64-cygwin\jdk8u121\8372\hotspot\src\share\vm\classfile\systemDictionary.c
Event: 2.094 Thread 0x00000000030ad800 Exception <a 'java/lang/ClassNotFoundException': org/springframework/jdbc/datasource/AbstractDataSourceCustomizer> (0x00000000d75a49e0) thrown at [C:\re\workspace\8-2-build-windows-amd64-cygwin\jdk8u121\8372\hotspot\src\share\vm\classfile\systemDictionary
Event: 2.095 Thread 0x00000000030ad800 Exception <a 'java/lang/ClassNotFoundException': org/springframework/jdbc/datasource/AbstractDriverBasedDataSourceCustomizer> (0x00000000d75b5148) thrown at [C:\re\workspace\8-2-build-windows-amd64-cygwin\jdk8u121\8372\hotspot\src\share\vm\classfile\syste
Event: 2.096 Thread 0x00000000030ad800 Exception <a 'java/lang/ClassNotFoundException': org/springframework/jdbc/datasource/DriverManagerDataSourceCustomizer> (0x00000000d75cec78) thrown at [C:\re\workspace\8-2-build-windows-amd64-cygwin\jdk8u121\8372\hotspot\src\share\vm\classfile\systemDicti
Event: 2.096 Thread 0x00000000030ad800 Exception <a 'java/lang/ClassNotFoundException': javax/sql/DataSourceCustomizer> (0x00000000d75dc1c0) thrown at [C:\re\workspace\8-2-build-windows-amd64-cygwin\jdk8u121\8372\hotspot\src\share\vm\classfile\systemDictionary.cpp, line 210]
Event: 2.138 Thread 0x00000000030ad800 Exception <a 'java/lang/ClassNotFoundException': com/cg/app/account/service/SavingsAccountServiceImplBeanInfo> (0x00000000d56e4818) thrown at [C:\re\workspace\8-2-build-windows-amd64-cygwin\jdk8u121\8372\hotspot\src\share\vm\classfile\systemDictionary.cpp
Event: 2.138 Thread 0x00000000030ad800 Exception <a 'java/lang/ClassNotFoundException': com/cg/app/account/service/SavingsAccountServiceImplCustomizer> (0x00000000d56ea160) thrown at [C:\re\workspace\8-2-build-windows-amd64-cygwin\jdk8u121\8372\hotspot\src\share\vm\classfile\systemDictionary.c
Event: 2.139 Thread 0x00000000030ad800 Exception <a 'java/lang/ClassNotFoundException': com/cg/app/account/service/SavingsAccountServiceCustomizer> (0x00000000d56fe678) thrown at [C:\re\workspace\8-2-build-windows-amd64-cygwin\jdk8u121\8372\hotspot\src\share\vm\classfile\systemDictionary.cpp, 

Events (10 events):
Event: 2.145 loading class org/aspectj/weaver/reflect/ReflectionBasedResolvedMemberImpl
Event: 2.145 loading class org/aspectj/weaver/reflect/ReflectionBasedResolvedMemberImpl done
Event: 2.146 loading class org/aspectj/weaver/ResolvedMemberImpl
Event: 2.146 loading class org/aspectj/weaver/ResolvedMemberImpl done
Event: 2.147 loading class org/aspectj/weaver/MemberImpl
Event: 2.147 loading class org/aspectj/weaver/MemberImpl done
Event: 2.149 loading class org/aspectj/weaver/reflect/Java14GenericSignatureInformationProvider
Event: 2.149 loading class org/aspectj/weaver/reflect/Java14GenericSignatureInformationProvider done
Event: 2.150 loading class org/aspectj/weaver/reflect/Java15GenericSignatureInformationProvider
Event: 2.150 loading class org/aspectj/weaver/reflect/Java15GenericSignatureInformationProvider done


Dynamic libraries:
0x00007ff7b9770000 - 0x00007ff7b97a7000 	C:\Program Files\Java\jre1.8.0_121\bin\javaw.exe
0x00007ffdc89c0000 - 0x00007ffdc8ba1000 	C:\WINDOWS\SYSTEM32\ntdll.dll
0x00007ffdc6070000 - 0x00007ffdc6122000 	C:\WINDOWS\System32\KERNEL32.DLL
0x00007ffdc5bd0000 - 0x00007ffdc5e43000 	C:\WINDOWS\System32\KERNELBASE.dll
0x00007ffdc64d0000 - 0x00007ffdc6571000 	C:\WINDOWS\System32\ADVAPI32.dll
0x00007ffdc62f0000 - 0x00007ffdc638e000 	C:\WINDOWS\System32\msvcrt.dll
0x00007ffdc6010000 - 0x00007ffdc606b000 	C:\WINDOWS\System32\sechost.dll
0x00007ffdc63a0000 - 0x00007ffdc64c4000 	C:\WINDOWS\System32\RPCRT4.dll
0x00007ffdc83f0000 - 0x00007ffdc8580000 	C:\WINDOWS\System32\USER32.dll
0x00007ffdc5990000 - 0x00007ffdc59b0000 	C:\WINDOWS\System32\win32u.dll
0x00007ffdc87a0000 - 0x00007ffdc87c8000 	C:\WINDOWS\System32\GDI32.dll
0x00007ffdc4d90000 - 0x00007ffdc4f22000 	C:\WINDOWS\System32\gdi32full.dll
0x00007ffdc5a80000 - 0x00007ffdc5b1f000 	C:\WINDOWS\System32\msvcp_win.dll
0x00007ffdc4f30000 - 0x00007ffdc502a000 	C:\WINDOWS\System32\ucrtbase.dll
0x00007ffdc2f60000 - 0x00007ffdc31c9000 	C:\WINDOWS\WinSxS\amd64_microsoft.windows.common-controls_6595b64144ccf1df_6.0.17134.407_none_fb449d63306391e9\COMCTL32.dll
0x00007ffdc79d0000 - 0x00007ffdc7cf2000 	C:\WINDOWS\System32\combase.dll
0x00007ffdc5a00000 - 0x00007ffdc5a7a000 	C:\WINDOWS\System32\bcryptPrimitives.dll
0x00007ffdc7d00000 - 0x00007ffdc7d2d000 	C:\WINDOWS\System32\IMM32.DLL
0x00007ffdc4ad0000 - 0x00007ffdc4b2d000 	C:\Program Files\Citrix\System32\MfApHook64.dll
0x00007ffdc44c0000 - 0x00007ffdc44eb000 	C:\Program Files\Citrix\ICAService\CtxDodHook64.dll
0x00007ffdc4a90000 - 0x00007ffdc4ac2000 	C:\Program Files\Citrix\ICAService\picaFullScreenHookX64.dll
0x00007ffdc4470000 - 0x00007ffdc44be000 	C:\Program Files\Citrix\ICAService\ShellHook64.dll
0x00007ffdc6580000 - 0x00007ffdc79bf000 	C:\WINDOWS\System32\SHELL32.dll
0x00007ffdc59b0000 - 0x00007ffdc59f9000 	C:\WINDOWS\System32\cfgmgr32.dll
0x00007ffdc86f0000 - 0x00007ffdc8799000 	C:\WINDOWS\System32\shcore.dll
0x00007ffdc5090000 - 0x00007ffdc579d000 	C:\WINDOWS\System32\windows.storage.dll
0x00007ffdc5ef0000 - 0x00007ffdc5f41000 	C:\WINDOWS\System32\shlwapi.dll
0x00007ffdc4d50000 - 0x00007ffdc4d61000 	C:\WINDOWS\System32\kernel.appcore.dll
0x00007ffdc4d70000 - 0x00007ffdc4d8f000 	C:\WINDOWS\System32\profapi.dll
0x00007ffdc4ce0000 - 0x00007ffdc4d2c000 	C:\WINDOWS\System32\powrprof.dll
0x00007ffdc4cd0000 - 0x00007ffdc4cda000 	C:\WINDOWS\System32\FLTLIB.DLL
0x00007ffdc42d0000 - 0x00007ffdc444c000 	C:\Program Files\Citrix\ICAService\SCardHook64.dll
0x00007ffdc4230000 - 0x00007ffdc425a000 	C:\Program Files\Citrix\ICAService\cxinjime64.dll
0x00007ffdc3f80000 - 0x00007ffdc3fc8000 	C:\Program Files\Citrix\ICAService\PicaWtsHook64.dll
0x0000000073950000 - 0x0000000073a22000 	C:\Program Files\Java\jre1.8.0_121\bin\msvcr100.dll
0x0000000073be0000 - 0x000000007447b000 	C:\Program Files\Java\jre1.8.0_121\bin\server\jvm.dll
0x00007ffdc79c0000 - 0x00007ffdc79c8000 	C:\WINDOWS\System32\PSAPI.DLL
0x00007ffdc4960000 - 0x00007ffdc496a000 	C:\WINDOWS\SYSTEM32\VERSION.dll
0x00007ffdc0ea0000 - 0x00007ffdc0ec3000 	C:\WINDOWS\SYSTEM32\WINMM.dll
0x00007ffdc0e70000 - 0x00007ffdc0e9a000 	C:\WINDOWS\SYSTEM32\WINMMBASE.dll
0x00007ffdb4d20000 - 0x00007ffdb4d29000 	C:\WINDOWS\SYSTEM32\WSOCK32.dll
0x00007ffdc8380000 - 0x00007ffdc83ec000 	C:\WINDOWS\System32\WS2_32.dll
0x0000000073af0000 - 0x0000000073aff000 	C:\Program Files\Java\jre1.8.0_121\bin\verify.dll
0x0000000073ac0000 - 0x0000000073ae9000 	C:\Program Files\Java\jre1.8.0_121\bin\java.dll
0x0000000073aa0000 - 0x0000000073ab6000 	C:\Program Files\Java\jre1.8.0_121\bin\zip.dll
0x0000000073a80000 - 0x0000000073a9a000 	C:\Program Files\Java\jre1.8.0_121\bin\net.dll
0x00007ffdc3a20000 - 0x00007ffdc3a86000 	C:\WINDOWS\system32\mswsock.dll
0x00007ffdc37f0000 - 0x00007ffdc38ae000 	C:\WINDOWS\SYSTEM32\DNSAPI.dll
0x00007ffdc6390000 - 0x00007ffdc6398000 	C:\WINDOWS\System32\NSI.dll
0x00007ffdc37a0000 - 0x00007ffdc37d8000 	C:\WINDOWS\SYSTEM32\IPHLPAPI.DLL
0x00007ffdb9fc0000 - 0x00007ffdb9fca000 	C:\Windows\System32\rasadhlp.dll
0x00007ffdba550000 - 0x00007ffdba5c2000 	C:\WINDOWS\System32\fwpuclnt.dll
0x00007ffdc44f0000 - 0x00007ffdc4515000 	C:\WINDOWS\SYSTEM32\bcrypt.dll

VM Arguments:
jvm_args: -Dfile.encoding=Cp1252 
java_command: com.cg.app.application.Bootstrap
java_class_path (initial): C:\maven-test\springjdbcsample\target\classes;C:\Users\pkadlag\.m2\repository\junit\junit\3.8.1\junit-3.8.1.jar;C:\Users\pkadlag\.m2\repository\org\springframework\spring-context\4.3.18.RELEASE\spring-context-4.3.18.RELEASE.jar;C:\Users\pkadlag\.m2\repository\org\springframework\spring-beans\4.3.18.RELEASE\spring-beans-4.3.18.RELEASE.jar;C:\Users\pkadlag\.m2\repository\org\springframework\spring-expression\4.3.18.RELEASE\spring-expression-4.3.18.RELEASE.jar;C:\Users\pkadlag\.m2\repository\org\springframework\spring-core\4.3.18.RELEASE\spring-core-4.3.18.RELEASE.jar;C:\Users\pkadlag\.m2\repository\commons-logging\commons-logging\1.2\commons-logging-1.2.jar;C:\Users\pkadlag\.m2\repository\mysql\mysql-connector-java\5.1.38\mysql-connector-java-5.1.38.jar;C:\Users\pkadlag\.m2\repository\org\springframework\spring-jdbc\4.3.18.RELEASE\spring-jdbc-4.3.18.RELEASE.jar;C:\Users\pkadlag\.m2\repository\org\springframework\spring-tx\4.3.18.RELEASE\spring-tx-4.3.18.RELEASE.jar;C:\Users\pkadlag\.m2\repository\org\aspectj\aspectjweaver\1.9.2\aspectjweaver-1.9.2.jar;C:\Users\pkadlag\.m2\repository\org\springframework\spring-aop\4.3.18.RELEASE\spring-aop-4.3.18.RELEASE.jar
Launcher Type: SUN_STANDARD

Environment Variables:
PATH=C:/Program Files/Java/jre1.8.0_121/bin/server;C:/Program Files/Java/jre1.8.0_121/bin;C:/Program Files/Java/jre1.8.0_121/lib/amd64;C:\Python34\;C:\Python34\Scripts;C:\oraclexe\app\oracle\product\11.2.0\server\bin;C:\ProgramData\Oracle\Java\javapath;C:\WINDOWS\system32;C:\WINDOWS;C:\WINDOWS\System32\Wbem;C:\WINDOWS\System32\WindowsPowerShell\v1.0\;C:\Program Files\TortoiseSVN\bin;C:\Program Files\nodejs\;C:\Program Files\Git\cmd;C:\Program Files (x86)\Microsoft SQL Server\110\Tools\Binn\ManagementStudio\;C:\Program Files (x86)\Microsoft SQL Server\110\Tools\Binn\;C:\Program Files (x86)\Microsoft SQL Server\110\DTS\Binn\;C:\Program Files\Citrix\System32\;C:\Program Files\Citrix\ICAService\;C:\WINDOWS\System32\OpenSSH\;C:\Users\pkadlag\AppData\Local\Microsoft\WindowsApps;;C:\Users\pkadlag\Downloads\sts-bundle\sts-3.9.6.RELEASE;
USERNAME=pkadlag
OS=Windows_NT
PROCESSOR_IDENTIFIER=Intel64 Family 15 Model 6 Stepping 1, GenuineIntel



---------------  S Y S T E M  ---------------

OS: Windows 10.0 , 64 bit Build 17134 (10.0.17134.1)

CPU:total 4 (2 cores per cpu, 1 threads per core) family 15 model 6 stepping 1, cmov, cx8, fxsr, mmx, sse, sse2, sse3, ssse3, sse4.1, sse4.2, popcnt, avx, avx2, aes, clmul, erms, rtm, 3dnowpref, lzcnt, tsc, bmi1, bmi2, adx

Memory: 4k page, physical 8388056k(1733556k free), swap 18697820k(5300k free)

vm_info: Java HotSpot(TM) 64-Bit Server VM (25.121-b13) for windows-amd64 JRE (1.8.0_121-b13), built on Dec 12 2016 18:21:36 by "java_re" with MS VC++ 10.0 (VS2010)

time: Wed Jan 09 12:46:21 2019
elapsed time: 2 seconds (0d 0h 0m 2s)

